
X:\android>if "Windows_NT" == "Windows_NT" setlocal

X:\android>set DIRNAME=X:\android\ 

X:\android>if "X:\android\" == "" set DIRNAME=. 

X:\android>set APP_BASE_NAME=gradlew 

X:\android>set APP_HOME=X:\android\ 

X:\android>for %i in ("X:\android\") do set APP_HOME=%~fi 

X:\android>set APP_HOME=X:\android\ 

X:\android>set DEFAULT_JVM_OPTS="-Xmx64m" "-Xms64m" 

X:\android>if defined JAVA_HOME goto findJavaFromJavaHome 

X:\android>set JAVA_EXE=java.exe 

X:\android>java.exe -version  1>NUL 2>&1 

X:\android>if 0 EQU 0 goto execute 

X:\android>set CLASSPATH= 

X:\android>"java.exe" "-Xmx64m" "-Xms64m"   "-Dorg.gradle.appname=gradlew" -classpath "" -jar "X:\android\\gradle\wrapper\gradle-wrapper.jar" tasks --all 
> Task :gradle-plugin:shared:checkKotlinGradlePluginConfigurationErrors SKIPPED
> Task :expo-gradle-plugin:expo-autolinking-settings-plugin:checkKotlinGradlePluginConfigurationErrors SKIPPED
> Task :expo-gradle-plugin:expo-autolinking-plugin-shared:checkKotlinGradlePluginConfigurationErrors SKIPPED
> Task :gradle-plugin:settings-plugin:checkKotlinGradlePluginConfigurationErrors SKIPPED
> Task :expo-gradle-plugin:expo-autolinking-settings-plugin:pluginDescriptors
> Task :gradle-plugin:settings-plugin:pluginDescriptors
> Task :gradle-plugin:settings-plugin:processResources
> Task :expo-gradle-plugin:expo-autolinking-settings-plugin:processResources
> Task :expo-gradle-plugin:expo-autolinking-plugin-shared:processResources NO-SOURCE
> Task :gradle-plugin:shared:processResources NO-SOURCE
> Task :gradle-plugin:shared:compileKotlin
> Task :gradle-plugin:shared:compileJava NO-SOURCE
> Task :gradle-plugin:shared:classes UP-TO-DATE
> Task :gradle-plugin:shared:jar
> Task :expo-gradle-plugin:expo-autolinking-plugin-shared:compileKotlin
> Task :expo-gradle-plugin:expo-autolinking-plugin-shared:compileJava NO-SOURCE
> Task :expo-gradle-plugin:expo-autolinking-plugin-shared:classes UP-TO-DATE
> Task :expo-gradle-plugin:expo-autolinking-plugin-shared:jar
> Task :gradle-plugin:settings-plugin:compileKotlin
> Task :gradle-plugin:settings-plugin:compileJava NO-SOURCE
> Task :gradle-plugin:settings-plugin:classes
> Task :gradle-plugin:settings-plugin:jar
> Task :expo-gradle-plugin:expo-autolinking-settings-plugin:compileKotlin
> Task :expo-gradle-plugin:expo-autolinking-settings-plugin:compileJava NO-SOURCE
> Task :expo-gradle-plugin:expo-autolinking-settings-plugin:classes
> Task :expo-gradle-plugin:expo-autolinking-settings-plugin:jar

FAILURE: Build failed with an exception.

* Where:
Settings file 'X:\android\settings.gradle' line: 32

* What went wrong:
A problem occurred evaluating settings 'android'.
> Process 'command 'cmd'' finished with non-zero exit value 1

* Try:
> Run with --stacktrace option to get the stack trace.
> Run with --info or --debug option to get more log output.
> Run with --scan to get full insights.
> Get more help at https://help.gradle.org.

BUILD FAILED in 7s
12 actionable tasks: 12 executed

X:\android>if 1 EQU 0 goto mainEnd 

X:\android>rem Set variable GRADLE_EXIT_CONSOLE if you need the _script_ return code instead of 

X:\android>rem the _cmd.exe /c_ return code! 

X:\android>set EXIT_CODE=1 

X:\android>if 1 EQU 0 set EXIT_CODE=1 

X:\android>if not "" == "" exit 1 

X:\android>exit /b 1 
